# JRE version: Java(TM) SE Runtime Environment (8.0_151-b12) (build 1.8.0_151-b12)
# Java VM: Java HotSpot(TM) Client VM (25.151-b12 mixed mode windows-x86 )
Heap:
 def new generation   total 20608K, used 20608K [0x05200000, 0x06850000, 0x1a750000)
  eden space 18368K, 100% used [0x05200000, 0x063f0000, 0x063f0000)
  from space 2240K, 100% used [0x06620000, 0x06850000, 0x06850000)
  to   space 2240K,   0% used [0x063f0000, 0x063f0000, 0x06620000)
 tenured generation   total 49348K, used 49255K [0x1a750000, 0x1d781000, 0x45200000)
   the space 49348K,  99% used [0x1a750000, 0x1d769d18, 0x1d769e00, 0x1d781000)
 Metaspace       used 8531K, capacity 9092K, committed 9216K, reserved 9600K
GC Heap History (10 events):
Event: 16.526 GC heap before
{Heap before GC invocations=204 (full 8):
 def new generation   total 20608K, used 18790K [0x05200000, 0x06850000, 0x1a750000)
  eden space 18368K, 100% used [0x05200000, 0x063f0000, 0x063f0000)
  from space 2240K,  18% used [0x06620000, 0x06689938, 0x06850000)
  to   space 2240K,   0% used [0x063f0000, 0x063f0000, 0x06620000)
 tenured generation   total 45624K, used 42367K [0x1a750000, 0x1d3de000, 0x45200000)
   the space 45624K,  92% used [0x1a750000, 0x1d0afd28, 0x1d0afe00, 0x1d3de000)
 Metaspace       used 7818K, capacity 8329K, committed 8448K, reserved 8576K
Event: 16.528 GC heap after
Heap after GC invocations=205 (full 8):
 def new generation   total 20608K, used 578K [0x05200000, 0x06850000, 0x1a750000)
  eden space 18368K,   0% used [0x05200000, 0x05200000, 0x063f0000)
  from space 2240K,  25% used [0x063f0000, 0x064809e0, 0x06620000)
  to   space 2240K,   0% used [0x06620000, 0x06620000, 0x06850000)
 tenured generation   total 45624K, used 42367K [0x1a750000, 0x1d3de000, 0x45200000)
   the space 45624K,  92% used [0x1a750000, 0x1d0afd28, 0x1d0afe00, 0x1d3de000)
 Metaspace       used 7818K, capacity 8329K, committed 8448K, reserved 8576K
}
Event: 16.924 GC heap before
{Heap before GC invocations=205 (full 8):
 def new generation   total 20608K, used 18946K [0x05200000, 0x06850000, 0x1a750000)
  eden space 18368K, 100% used [0x05200000, 0x063f0000, 0x063f0000)
  from space 2240K,  25% used [0x063f0000, 0x064809e0, 0x06620000)
  to   space 2240K,   0% used [0x06620000, 0x06620000, 0x06850000)
 tenured generation   total 45624K, used 42367K [0x1a750000, 0x1d3de000, 0x45200000)
   the space 45624K,  92% used [0x1a750000, 0x1d0afd28, 0x1d0afe00, 0x1d3de000)
 Metaspace       used 8322K, capacity 8847K, committed 8960K, reserved 9600K
Event: 16.937 GC heap after
Heap after GC invocations=206 (full 8):
 def new generation   total 20608K, used 2240K [0x05200000, 0x06850000, 0x1a750000)
  eden space 18368K,   0% used [0x05200000, 0x05200000, 0x063f0000)
  from space 2240K, 100% used [0x06620000, 0x06850000, 0x06850000)
  to   space 2240K,   0% used [0x063f0000, 0x063f0000, 0x06620000)
 tenured generation   total 45624K, used 43020K [0x1a750000, 0x1d3de000, 0x45200000)
   the space 45624K,  94% used [0x1a750000, 0x1d153110, 0x1d153200, 0x1d3de000)
 Metaspace       used 8322K, capacity 8847K, committed 8960K, reserved 9600K
}
Event: 17.217 GC heap before
{Heap before GC invocations=206 (full 8):
 def new generation   total 20608K, used 20608K [0x05200000, 0x06850000, 0x1a750000)
  eden space 18368K, 100% used [0x05200000, 0x063f0000, 0x063f0000)
  from space 2240K, 100% used [0x06620000, 0x06850000, 0x06850000)
  to   space 2240K,   0% used [0x063f0000, 0x063f0000, 0x06620000)
 tenured generation   total 45624K, used 43020K [0x1a750000, 0x1d3de000, 0x45200000)
   the space 45624K,  94% used [0x1a750000, 0x1d153110, 0x1d153200, 0x1d3de000)
 Metaspace       used 8387K, capacity 8912K, committed 8960K, reserved 9600K
Event: 17.229 GC heap after
Heap after GC invocations=207 (full 8):
 def new generation   total 20608K, used 2229K [0x05200000, 0x06850000, 0x1a750000)
  eden space 18368K,   0% used [0x05200000, 0x05200000, 0x063f0000)
  from space 2240K,  99% used [0x063f0000, 0x0661d6d0, 0x06620000)
  to   space 2240K,   0% used [0x06620000, 0x06620000, 0x06850000)
 tenured generation   total 45624K, used 45248K [0x1a750000, 0x1d3de000, 0x45200000)
   the space 45624K,  99% used [0x1a750000, 0x1d3800f0, 0x1d380200, 0x1d3de000)
 Metaspace       used 8387K, capacity 8912K, committed 8960K, reserved 9600K
}
Event: 17.606 GC heap before
{Heap before GC invocations=207 (full 8):
 def new generation   total 20608K, used 20597K [0x05200000, 0x06850000, 0x1a750000)
  eden space 18368K, 100% used [0x05200000, 0x063f0000, 0x063f0000)
  from space 2240K,  99% used [0x063f0000, 0x0661d6d0, 0x06620000)
  to   space 2240K,   0% used [0x06620000, 0x06620000, 0x06850000)
 tenured generation   total 45624K, used 45248K [0x1a750000, 0x1d3de000, 0x45200000)
   the space 45624K,  99% used [0x1a750000, 0x1d3800f0, 0x1d380200, 0x1d3de000)
 Metaspace       used 8520K, capacity 9080K, committed 9088K, reserved 9600K
Event: 17.808 GC heap after
Heap after GC invocations=208 (full 9):
 def new generation   total 20608K, used 0K [0x05200000, 0x06850000, 0x1a750000)
  eden space 18368K,   0% used [0x05200000, 0x05200000, 0x063f0000)
  from space 2240K,   0% used [0x06620000, 0x06620000, 0x06850000)
  to   space 2240K,   0% used [0x063f0000, 0x063f0000, 0x06620000)
 tenured generation   total 47948K, used 47562K [0x1a750000, 0x1d623000, 0x45200000)
   the space 47948K,  99% used [0x1a750000, 0x1d5c2928, 0x1d5c2a00, 0x1d623000)
 Metaspace       used 8520K, capacity 9080K, committed 9088K, reserved 9600K
}
Event: 17.833 GC heap before
{Heap before GC invocations=208 (full 9):
 def new generation   total 20608K, used 18368K [0x05200000, 0x06850000, 0x1a750000)
  eden space 18368K, 100% used [0x05200000, 0x063f0000, 0x063f0000)
  from space 2240K,   0% used [0x06620000, 0x06620000, 0x06850000)
  to   space 2240K,   0% used [0x063f0000, 0x063f0000, 0x06620000)
 tenured generation   total 47948K, used 47562K [0x1a750000, 0x1d623000, 0x45200000)
   the space 47948K,  99% used [0x1a750000, 0x1d5c2928, 0x1d5c2a00, 0x1d623000)
 Metaspace       used 8520K, capacity 9080K, committed 9088K, reserved 9600K
Event: 17.972 GC heap after
Heap after GC invocations=209 (full 10):
 def new generation   total 20608K, used 1448K [0x05200000, 0x06850000, 0x1a750000)
  eden space 18368K,   7% used [0x05200000, 0x0536a0e0, 0x063f0000)
  from space 2240K,   0% used [0x063f0000, 0x063f0000, 0x06620000)
  to   space 2240K,   0% used [0x06620000, 0x06620000, 0x06850000)
 tenured generation   total 48332K, used 48331K [0x1a750000, 0x1d683000, 0x45200000)
   the space 48332K,  99% used [0x1a750000, 0x1d682f78, 0x1d683000, 0x1d683000)
 Metaspace       used 8520K, capacity 9080K, committed 9088K, reserved 9600K
}

